[0mGET /blog/hhd [33m404 [0m12.150 ms - 9[0m
[0mGET /blog/edit [36m304 [0m10.147 ms - -[0m
[0mGET /blog/edit [36m304 [0m10.036 ms - -[0m
[0mGET /user/login [36m304 [0m9.249 ms - -[0m
[0mGET /user/reg [36m304 [0m6.420 ms - -[0m
[0mGET /user/login [36m304 [0m8.155 ms - -[0m
[0mGET / [36m304 [0m8.247 ms - -[0m
[0mGET /blog [36m304 [0m59.250 ms - -[0m
[0mGET /blog/edit [36m304 [0m5.774 ms - -[0m
[0mGET /blog/edit [36m304 [0m9.924 ms - -[0m
[0mGET /blog [36m304 [0m54.538 ms - -[0m
[0mGET /blog/topic [33m404 [0m2.826 ms - 9[0m
[0mGET /blog/edit [36m304 [0m3.945 ms - -[0m
[0mGET /blog/edit [36m304 [0m6.560 ms - -[0m
[0mGET /blog [32m200 [0m58.023 ms - 2400[0m
[0mGET / [36m304 [0m7.580 ms - -[0m
[0mGET /blog [36m304 [0m16.043 ms - -[0m
[0mGET /user/login [36m304 [0m6.758 ms - -[0m
[0mGET /user/reg [36m304 [0m9.931 ms - -[0m
[0mGET /blog [36m304 [0m14.666 ms - -[0m
[0mGET /blog [36m304 [0m15.203 ms - -[0m
[0mGET /blog [36m304 [0m23.633 ms - -[0m
[0mGET /blog [32m200 [0m21.041 ms - 13649[0m
[0mGET /blog [32m200 [0m2121.485 ms - 6170[0m
[0mGET /blog [32m200 [0m15.964 ms - 5950[0m
[0mGET /blog [32m200 [0m14.385 ms - 5913[0m
[0mGET /blog [32m200 [0m14.766 ms - 5551[0m
[0mGET /blog [36m304 [0m17.452 ms - -[0m
[0mGET /blog [32m200 [0m14.301 ms - 5375[0m
[0mGET /blog [36m304 [0m16.486 ms - -[0m
[0mGET /blog [32m200 [0m26.075 ms - 5199[0m
[0mGET /blog [36m304 [0m15.076 ms - -[0m
[0mGET /blog [32m200 [0m20.473 ms - 5063[0m
[0mGET /blog [36m304 [0m14.266 ms - -[0m
[0mGET /blog [36m304 [0m15.188 ms - -[0m
[0mGET /blog [36m304 [0m19.781 ms - -[0m
[0mGET /blog [32m200 [0m21.194 ms - 4814[0m
[0mGET /blog [36m304 [0m34.073 ms - -[0m
[0mGET /blog [36m304 [0m21.291 ms - -[0m
[0mGET /blog [32m200 [0m20.516 ms - 4866[0m
[0mGET /blog [36m304 [0m12.959 ms - -[0m
[0mGET /blog [36m304 [0m21.451 ms - -[0m
[0mGET /blog [36m304 [0m14.349 ms - -[0m
[0mGET /blog [32m200 [0m20.712 ms - 4786[0m
[0mGET /blog [36m304 [0m15.037 ms - -[0m
[0mGET /blog [36m304 [0m12.025 ms - -[0m
[0mGET /blog [32m200 [0m15.923 ms - 4672[0m
[0mGET /blog [32m200 [0m20.255 ms - 4672[0m
[0mGET /blog [32m200 [0m18.960 ms - 3630[0m
[0mGET /blog [36m304 [0m15.660 ms - -[0m
[0mGET /blog [32m200 [0m15.893 ms - 3694[0m
[0mGET /blog [36m304 [0m16.373 ms - -[0m
[0mGET /blog [36m304 [0m17.186 ms - -[0m
[0mGET /blog [32m200 [0m27.534 ms - 3630[0m
[0mGET /blog [32m200 [0m28.816 ms - 3825[0m
[0mGET /blog [32m200 [0m19.969 ms - 3885[0m
[0mGET /blog [32m200 [0m20.033 ms - 3885[0m
[0mGET /blog [32m200 [0m31.067 ms - 3885[0m
[0mGET /blog [32m200 [0m21.508 ms - 3851[0m
[0mGET /blog [32m200 [0m22.161 ms - 4348[0m
[0mGET /blog [32m200 [0m21.898 ms - 5999[0m
[0mGET /blog [32m200 [0m20.605 ms - 4920[0m
[0mGET /blog [32m200 [0m35.578 ms - 3731[0m
[0mGET /blog [32m200 [0m100.663 ms - 4353[0m
[0mGET /blog [32m200 [0m20.967 ms - 4425[0m
[0mGET /blog [32m200 [0m27.220 ms - 4500[0m
[0mGET /blog [32m200 [0m20.536 ms - 4500[0m
[0mGET /blog [0m- [0m- ms - -[0m
[0mGET /blog [32m200 [0m26.047 ms - 4500[0m
[0mGET /blog [32m200 [0m20.740 ms - 4500[0m
[0mGET /blog [32m200 [0m21.430 ms - 4500[0m
[0mGET /blog [32m200 [0m22.081 ms - 4500[0m
[0mGET /blog [32m200 [0m30.161 ms - 4500[0m
[0mGET /blog [0m- [0m- ms - -[0m
[0mGET /blog [0m- [0m- ms - -[0m
[0mGET /blog [32m200 [0m23.863 ms - 4500[0m
[0mGET /blog [0m- [0m- ms - -[0m
[0mGET /blog [32m200 [0m23.483 ms - 4500[0m
[0mGET /blog [32m200 [0m30.792 ms - 4500[0m
[0mGET /blog [32m200 [0m28.921 ms - 4500[0m
[0mGET /blog [0m- [0m- ms - -[0m
[0mGET /blog [0m- [0m- ms - -[0m
[0mGET /blog [0m- [0m- ms - -[0m
[0mGET /blog [0m- [0m- ms - -[0m
[0mGET /blog [0m- [0m- ms - -[0m
[0mGET /blog [0m- [0m- ms - -[0m
[0mGET /blog [0m- [0m- ms - -[0m
[0mGET /blog [0m- [0m- ms - -[0m
[0mGET /blog [0m- [0m- ms - -[0m
[0mGET /blog [0m- [0m- ms - -[0m
[0mGET /blog [0m- [0m- ms - -[0m
[0mGET /blog [32m200 [0m1581.008 ms - 4500[0m
[0mGET /blog [32m200 [0m16.469 ms - 4500[0m
[0mGET /blog [32m200 [0m17.392 ms - 4500[0m
[0mGET /blog [32m200 [0m23.941 ms - 4500[0m
[0mGET /blog [32m200 [0m17.023 ms - 4437[0m
[0mGET /blog [32m200 [0m16.415 ms - 4437[0m
[0mGET /blog [32m200 [0m15.237 ms - 4437[0m
[0mGET /blog [32m200 [0m18.471 ms - 4437[0m
[0mGET /blog [32m200 [0m18.831 ms - 4437[0m
[0mGET /blog [32m200 [0m19.957 ms - 4437[0m
[0mGET /blog [32m200 [0m23.142 ms - 4503[0m
[0mGET /blog [32m200 [0m16.044 ms - 4503[0m
[0mGET /blog [32m200 [0m18.840 ms - 4416[0m
[0mGET /blog [36m304 [0m27.920 ms - -[0m
[0mGET /blog [32m200 [0m15.620 ms - 4437[0m
[0mGET /blog [32m200 [0m18.489 ms - 4509[0m
[0mGET /blog [32m200 [0m15.986 ms - 4590[0m
[0mGET /blog [32m200 [0m28.380 ms - 4590[0m
[0mGET /blog [32m200 [0m16.715 ms - 4626[0m
[0mGET /blog [32m200 [0m85.670 ms - 4437[0m
[0mGET /blog [32m200 [0m92.882 ms - 4437[0m
[0mGET /blog [32m200 [0m72.434 ms - 2611[0m
[0mGET /blog [32m200 [0m100.185 ms - 4437[0m
[0mGET /blog [0m- [0m- ms - -[0m
[0mGET /blog [0m- [0m- ms - -[0m
[0mGET /blog [32m200 [0m17.554 ms - 2611[0m
[0mGET /blog [32m200 [0m18.351 ms - 2611[0m
[0mGET /blog [31m500 [0m45.677 ms - 414[0m
[0mGET /blog [31m500 [0m23.397 ms - 414[0m
[0mGET /blog [31m500 [0m13.311 ms - 18[0m
[0mGET /blog [32m200 [0m45.915 ms - 2611[0m
[0mGET /blog [32m200 [0m49.964 ms - 2561[0m
[0mGET /blog [32m200 [0m98.641 ms - 4331[0m
[0mGET /blog [32m200 [0m99.154 ms - 4331[0m
[0mGET /manager/index [32m200 [0m9.671 ms - 32041[0m
[0mGET /manager/manager/lib/bootstrap/css/bootstrap.min.css [33m404 [0m2.539 ms - 9[0m
[0mGET /manager/manager/lib/plugins/datatables/dataTables.bootstrap.css [33m404 [0m2.869 ms - 9[0m
[0mGET /manager/manager/css/AdminLTE.min.css [33m404 [0m2.785 ms - 9[0m
[0mGET /manager/manager/css/skins/_all-skins.min.css [33m404 [0m2.707 ms - 9[0m
[0mGET /manager/mamager/lib/plugins/jQuery/jquery-2.2.3.min.js [33m404 [0m3.038 ms - 9[0m
[0mGET /manager/mamager/lib/bootstrap/js/bootstrap.min.js [33m404 [0m1.534 ms - 9[0m
[0mGET /manager/mamager/lib/plugins/datatables/jquery.dataTables.min.js [33m404 [0m1.805 ms - 9[0m
[0mGET /manager/mamager/lib/plugins/slimScroll/jquery.slimscroll.min.js [33m404 [0m2.743 ms - 9[0m
[0mGET /manager/mamager/lib/plugins/datatables/dataTables.bootstrap.min.js [33m404 [0m2.345 ms - 9[0m
[0mGET /manager/mamager/js/rightLayer.js [33m404 [0m1.892 ms - 9[0m
[0mGET /manager/mamager/js/app.min.js [33m404 [0m4.012 ms - 9[0m
[0mGET /dist/img/user2-160x160.jpg [33m404 [0m1.799 ms - 9[0m
[0mGET /dist/img/user3-128x128.jpg [33m404 [0m2.577 ms - 9[0m
[0mGET /dist/img/user4-128x128.jpg [33m404 [0m2.319 ms - 9[0m
[0mGET /dist/img/user_jugnle.jpg [33m404 [0m1.161 ms - 9[0m
[0mGET /dist/img/photo1.png [33m404 [0m2.000 ms - 9[0m
[0mGET /dist/img/photo2.png [33m404 [0m2.782 ms - 9[0m
[0mGET /manager/mamager/lib/plugins/slimScroll/jquery.slimscroll.min.js [33m404 [0m2.520 ms - 9[0m
[0mGET /manager/mamager/js/app.min.js [33m404 [0m1.467 ms - 9[0m
[0mGET /manager/mamager/js/rightLayer.js [33m404 [0m3.007 ms - 9[0m
[0mGET /manager/manager/lib/bootstrap/css/bootstrap.min.css [33m404 [0m1.656 ms - 9[0m
[0mGET /manager/manager/lib/plugins/datatables/dataTables.bootstrap.css [33m404 [0m1.813 ms - 9[0m
[0mGET /manager/manager/css/AdminLTE.min.css [33m404 [0m2.885 ms - 9[0m
[0mGET /manager/manager/css/skins/_all-skins.min.css [33m404 [0m1.610 ms - 9[0m
[0mGET /manager/index [32m200 [0m7.087 ms - 32052[0m
[0mGET /mamager/lib/plugins/jQuery/jquery-2.2.3.min.js [33m404 [0m1.689 ms - 9[0m
[0mGET /mamager/lib/bootstrap/js/bootstrap.min.js [33m404 [0m2.736 ms - 9[0m
[0mGET /mamager/lib/plugins/datatables/jquery.dataTables.min.js [33m404 [0m1.634 ms - 9[0m
[0mGET /mamager/lib/plugins/datatables/dataTables.bootstrap.min.js [33m404 [0m2.476 ms - 9[0m
[0mGET /mamager/lib/plugins/slimScroll/jquery.slimscroll.min.js [33m404 [0m3.200 ms - 9[0m
[0mGET /mamager/js/app.min.js [33m404 [0m2.939 ms - 9[0m
[0mGET /mamager/js/rightLayer.js [33m404 [0m2.093 ms - 9[0m
[0mGET /dist/img/user2-160x160.jpg [33m404 [0m2.191 ms - 9[0m
[0mGET /dist/img/user3-128x128.jpg [33m404 [0m1.931 ms - 9[0m
[0mGET /dist/img/user4-128x128.jpg [33m404 [0m2.732 ms - 9[0m
[0mGET /dist/img/user_jugnle.jpg [33m404 [0m2.538 ms - 9[0m
[0mGET /dist/img/photo1.png [33m404 [0m2.286 ms - 9[0m
[0mGET /dist/img/photo2.png [33m404 [0m1.445 ms - 9[0m
[0mGET /blog [32m200 [0m11.516 ms - 4331[0m
[0mGET /manager/index [32m200 [0m7.429 ms - 32052[0m
[0mGET /mamager/lib/plugins/jQuery/jquery-2.2.3.min.js [33m404 [0m1.766 ms - 9[0m
[0mGET /mamager/lib/bootstrap/js/bootstrap.min.js [33m404 [0m2.456 ms - 9[0m
[0mGET /mamager/lib/plugins/datatables/jquery.dataTables.min.js [33m404 [0m2.399 ms - 9[0m
[0mGET /mamager/lib/plugins/datatables/dataTables.bootstrap.min.js [33m404 [0m1.765 ms - 9[0m
[0mGET /mamager/lib/plugins/slimScroll/jquery.slimscroll.min.js [33m404 [0m7.569 ms - 9[0m
[0mGET /mamager/js/app.min.js [33m404 [0m2.606 ms - 9[0m
[0mGET /mamager/js/rightLayer.js [33m404 [0m3.305 ms - 9[0m
[0mGET /dist/img/user2-160x160.jpg [33m404 [0m1.727 ms - 9[0m
[0mGET /dist/img/user3-128x128.jpg [33m404 [0m4.650 ms - 9[0m
[0mGET /dist/img/user4-128x128.jpg [33m404 [0m4.052 ms - 9[0m
[0mGET /dist/img/user_jugnle.jpg [33m404 [0m1.167 ms - 9[0m
[0mGET /dist/img/photo1.png [33m404 [0m2.048 ms - 9[0m
[0mGET /dist/img/photo2.png [33m404 [0m1.498 ms - 9[0m
[0mGET /mamager/js/rightLayer.js [33m404 [0m1.810 ms - 9[0m
[0mGET /manager/index [32m200 [0m8.753 ms - 32052[0m
[0mGET /dist/img/user2-160x160.jpg [33m404 [0m2.127 ms - 9[0m
[0mGET /dist/img/user3-128x128.jpg [33m404 [0m1.929 ms - 9[0m
[0mGET /dist/img/user4-128x128.jpg [33m404 [0m1.164 ms - 9[0m
[0mGET /dist/img/user_jugnle.jpg [33m404 [0m1.813 ms - 9[0m
[0mGET /dist/img/photo1.png [33m404 [0m2.247 ms - 9[0m
[0mGET /dist/img/photo2.png [33m404 [0m1.265 ms - 9[0m
[0mGET /manager/index [32m200 [0m10.170 ms - 31026[0m
[0mGET /dist/img/user2-160x160.jpg [33m404 [0m1.818 ms - 9[0m
[0mGET /manager/css/img/user3-128x128.jpg [33m404 [0m5.180 ms - 9[0m
[0mGET /manager/css/img/user4-128x128.jpg [33m404 [0m4.673 ms - 9[0m
[0mGET /manager/css/img/user_jugnle.jpg [33m404 [0m2.284 ms - 9[0m
[0mGET /dist/img/user_jugnle.jpg [33m404 [0m11.462 ms - 9[0m
[0mGET /dist/img/photo1.png [33m404 [0m3.326 ms - 9[0m
[0mGET /dist/img/photo2.png [33m404 [0m2.431 ms - 9[0m
[0mGET /manager/index [32m200 [0m8.473 ms - 31028[0m
[0mGET /manager/css/img/user2-160x160.jpg [33m404 [0m1.549 ms - 9[0m
[0mGET /manager/css/img/user3-128x128.jpg [33m404 [0m4.622 ms - 9[0m
[0mGET /manager/css/img/user4-128x128.jpg [33m404 [0m2.094 ms - 9[0m
[0mGET /manager/css/img/user_jugnle.jpg [33m404 [0m2.882 ms - 9[0m
[0mGET /dist/img/user_jugnle.jpg [33m404 [0m1.534 ms - 9[0m
[0mGET /dist/img/photo1.png [33m404 [0m1.174 ms - 9[0m
[0mGET /dist/img/photo2.png [33m404 [0m2.979 ms - 9[0m
[0mGET /manager/index [32m200 [0m8.412 ms - 31028[0m
[0mGET /manager/css/img/user2-160x160.jpg [33m404 [0m1.722 ms - 9[0m
[0mGET /manager/css/img/user3-128x128.jpg [33m404 [0m1.590 ms - 9[0m
[0mGET /manager/css/img/user4-128x128.jpg [33m404 [0m1.492 ms - 9[0m
[0mGET /manager/css/img/user_jugnle.jpg [33m404 [0m1.652 ms - 9[0m
[0mGET /dist/img/user_jugnle.jpg [33m404 [0m1.521 ms - 9[0m
[0mGET /dist/img/photo1.png [33m404 [0m1.472 ms - 9[0m
[0mGET /dist/img/photo2.png [33m404 [0m1.780 ms - 9[0m
[0mGET /manager/index [32m200 [0m8.869 ms - 31030[0m
[0mGET /manager/css/img/user2-160x160.jpg [33m404 [0m2.732 ms - 9[0m
[0mGET /manager/css/img/user3-128x128.jpg [33m404 [0m1.494 ms - 9[0m
[0mGET /manager/css/img/user4-128x128.jpg [33m404 [0m1.520 ms - 9[0m
[0mGET /manager/css/img/user_jugnle.jpg [33m404 [0m2.723 ms - 9[0m
[0mGET /dist/img/photo1.png [33m404 [0m3.454 ms - 9[0m
[0mGET /dist/img/photo2.png [33m404 [0m2.520 ms - 9[0m
[0mGET /manager/index [32m200 [0m9.117 ms - 31006[0m
[0mGET /dist/img/photo1.png [33m404 [0m1.671 ms - 9[0m
[0mGET /dist/img/photo2.png [33m404 [0m1.774 ms - 9[0m
[0mGET /manager/index [32m200 [0m10.805 ms - 31006[0m
[0mGET /dist/img/photo1.png [33m404 [0m1.695 ms - 9[0m
[0mGET /dist/img/photo2.png [33m404 [0m1.822 ms - 9[0m
[0mGET /index.html [33m404 [0m2.959 ms - 9[0m
[0mGET /admin/index [32m200 [0m22.997 ms - 30968[0m
[0mGET /dist/img/photo1.png [33m404 [0m4.836 ms - 9[0m
[0mGET /dist/img/photo2.png [33m404 [0m4.328 ms - 9[0m
[0mGET /admin/index [32m200 [0m7.769 ms - 30968[0m
[0mGET /dist/img/photo1.png [33m404 [0m1.650 ms - 9[0m
[0mGET /dist/img/photo2.png [33m404 [0m1.599 ms - 9[0m
[0mGET /admin/index [32m200 [0m20.131 ms - 30968[0m
[0mGET /dist/img/photo1.png [33m404 [0m6.834 ms - 9[0m
[0mGET /dist/img/photo2.png [33m404 [0m5.694 ms - 9[0m
[0mGET /admin/blog [31m500 [0m4.377 ms - 94[0m
[0mGET /admin/index [32m200 [0m8.848 ms - 30968[0m
[0mGET /dist/img/photo1.png [33m404 [0m1.947 ms - 9[0m
[0mGET /dist/img/photo2.png [33m404 [0m5.623 ms - 9[0m
[0mGET /admin/index [32m200 [0m16.886 ms - 30968[0m
[0mGET /dist/img/photo1.png [33m404 [0m4.212 ms - 9[0m
[0mGET /dist/img/photo2.png [33m404 [0m3.996 ms - 9[0m
[0mGET /admin/blog [32m200 [0m7.306 ms - 32011[0m
[0mGET /bootstrap/css/bootstrap.min.css [33m404 [0m1.671 ms - 9[0m
[0mGET /plugins/datatables/dataTables.bootstrap.css [33m404 [0m3.438 ms - 9[0m
[0mGET /dist/css/AdminLTE.min.css [33m404 [0m2.427 ms - 9[0m
[0mGET /dist/css/skins/_all-skins.min.css [33m404 [0m1.546 ms - 9[0m
[0mGET /plugins/jQuery/jquery-2.2.3.min.js [33m404 [0m1.714 ms - 9[0m
[0mGET /bootstrap/js/bootstrap.min.js [33m404 [0m2.208 ms - 9[0m
[0mGET /plugins/datatables/jquery.dataTables.min.js [33m404 [0m6.124 ms - 9[0m
[0mGET /plugins/datatables/dataTables.bootstrap.min.js [33m404 [0m8.169 ms - 9[0m
[0mGET /plugins/slimScroll/jquery.slimscroll.min.js [33m404 [0m2.983 ms - 9[0m
[0mGET /dist/js/app.min.js [33m404 [0m4.726 ms - 9[0m
[0mGET /dist/js/rightLayer.js [33m404 [0m2.172 ms - 9[0m
[0mGET /dist/img/user2-160x160.jpg [33m404 [0m2.614 ms - 9[0m
[0mGET /dist/img/user3-128x128.jpg [33m404 [0m3.797 ms - 9[0m
[0mGET /bootstrap/js/bootstrap.min.js [33m404 [0m1.532 ms - 9[0m
[0mGET /dist/img/user4-128x128.jpg [33m404 [0m2.028 ms - 9[0m
[0mGET /dist/img/user_jugnle.jpg [33m404 [0m2.071 ms - 9[0m
[0mGET /dist/img/photo1.png [33m404 [0m3.154 ms - 9[0m
[0mGET /dist/img/photo2.png [33m404 [0m5.625 ms - 9[0m
[0mGET /plugins/datatables/jquery.dataTables.min.js [33m404 [0m1.679 ms - 9[0m
[0mGET /plugins/datatables/dataTables.bootstrap.min.js [33m404 [0m2.255 ms - 9[0m
[0mGET /plugins/slimScroll/jquery.slimscroll.min.js [33m404 [0m1.656 ms - 9[0m
[0mGET /dist/js/app.min.js [33m404 [0m1.224 ms - 9[0m
[0mGET /dist/js/rightLayer.js [33m404 [0m1.561 ms - 9[0m
[0mGET /admin/blog [32m200 [0m14.874 ms - 30968[0m
[0mGET /dist/img/photo1.png [33m404 [0m1.868 ms - 9[0m
[0mGET /dist/img/photo2.png [33m404 [0m1.739 ms - 9[0m
[0mGET /admin/index [32m200 [0m6.765 ms - 30968[0m
[0mGET /dist/img/photo1.png [33m404 [0m3.897 ms - 9[0m
[0mGET /dist/img/photo2.png [33m404 [0m1.672 ms - 9[0m
[0mGET /admin/index [32m200 [0m7.648 ms - 30968[0m
[0mGET /dist/img/photo1.png [33m404 [0m2.671 ms - 9[0m
[0mGET /dist/img/photo2.png [33m404 [0m2.078 ms - 9[0m
[0mGET /admin/blog [32m200 [0m8.236 ms - 30968[0m
[0mGET /dist/img/photo1.png [33m404 [0m2.537 ms - 9[0m
[0mGET /dist/img/photo2.png [33m404 [0m1.377 ms - 9[0m
[0mGET /admin/index [32m200 [0m17.373 ms - 30973[0m
[0mGET /dist/img/photo1.png [33m404 [0m4.143 ms - 9[0m
[0mGET /dist/img/photo2.png [33m404 [0m3.321 ms - 9[0m
[0mGET /admin/blog/ajax [32m200 [0m36.975 ms - 506[0m
[0mGET /admin/ [32m200 [0m14.606 ms - 30973[0m
[0mGET /dist/img/photo1.png [33m404 [0m6.836 ms - 9[0m
[0mGET /dist/img/photo2.png [33m404 [0m3.296 ms - 9[0m
[0mGET /admin/blog/ajax [32m200 [0m47.467 ms - 506[0m
[0mGET /admin/ [32m200 [0m5.649 ms - 30973[0m
[0mGET /dist/img/photo1.png [33m404 [0m1.780 ms - 9[0m
[0mGET /dist/img/photo2.png [33m404 [0m1.642 ms - 9[0m
[0mGET /admin/ [32m200 [0m17.675 ms - 29709[0m
[0mGET /dist/img/photo1.png [33m404 [0m4.860 ms - 9[0m
[0mGET /dist/img/photo2.png [33m404 [0m3.775 ms - 9[0m
[0mGET /admin/ [32m200 [0m15.133 ms - 25179[0m
[0mGET /dist/img/photo1.png [33m404 [0m5.776 ms - 9[0m
[0mGET /dist/img/photo2.png [33m404 [0m2.273 ms - 9[0m
[0mGET /admin/ [32m200 [0m18.746 ms - 25179[0m
[0mGET /dist/img/photo1.png [33m404 [0m5.938 ms - 9[0m
[0mGET /dist/img/photo2.png [33m404 [0m3.056 ms - 9[0m
[0mGET /admin/ [32m200 [0m16.141 ms - 25179[0m
[0mGET /dist/img/photo1.png [33m404 [0m5.856 ms - 9[0m
[0mGET /dist/img/photo2.png [33m404 [0m2.771 ms - 9[0m
[0mGET /admin/ [32m200 [0m19.023 ms - 25179[0m
[0mGET /dist/img/photo1.png [33m404 [0m4.978 ms - 9[0m
[0mGET /dist/img/photo2.png [33m404 [0m2.317 ms - 9[0m
[0mGET /admin/ [32m200 [0m15.728 ms - 25179[0m
[0mGET /dist/img/photo1.png [33m404 [0m5.636 ms - 9[0m
[0mGET /dist/img/photo2.png [33m404 [0m2.866 ms - 9[0m
[0mGET /admin/ [32m200 [0m16.475 ms - 25179[0m
[0mGET /dist/img/photo1.png [33m404 [0m4.743 ms - 9[0m
[0mGET /dist/img/photo2.png [33m404 [0m2.915 ms - 9[0m
[0mGET /admin/ [32m200 [0m14.987 ms - 25179[0m
[0mGET /dist/img/photo1.png [33m404 [0m5.656 ms - 9[0m
[0mGET /dist/img/photo2.png [33m404 [0m3.085 ms - 9[0m
[0mGET /admin/ [32m200 [0m14.794 ms - 25179[0m
[0mGET /dist/img/photo1.png [33m404 [0m5.433 ms - 9[0m
[0mGET /dist/img/photo2.png [33m404 [0m3.216 ms - 9[0m
[0mGET /admin/ [32m200 [0m15.902 ms - 25216[0m
[0mGET /dist/img/photo1.png [33m404 [0m4.573 ms - 9[0m
[0mGET /dist/img/photo2.png [33m404 [0m2.317 ms - 9[0m
[0mGET /admin/blog/ajax [32m200 [0m53.808 ms - 506[0m
[0mGET /admin/ [32m200 [0m15.686 ms - 25216[0m
[0mGET /dist/img/photo1.png [33m404 [0m6.343 ms - 9[0m
[0mGET /dist/img/photo2.png [33m404 [0m2.875 ms - 9[0m
[0mGET /admin/blog/ajax [32m200 [0m35.865 ms - 506[0m
[0mGET /admin/ [32m200 [0m17.787 ms - 25216[0m
[0mGET /admin/ [36m304 [0m9.243 ms - -[0m
[0mGET /dist/img/photo1.png [33m404 [0m2.873 ms - 9[0m
[0mGET /dist/img/photo2.png [33m404 [0m2.024 ms - 9[0m
[0mGET /admin/blog/ajax [36m304 [0m37.007 ms - -[0m
[0mGET /admin/blog/ajax [32m200 [0m14.497 ms - 506[0m
[0mGET /admin/blog/ajax [32m200 [0m10.592 ms - 506[0m
[0mGET /admin/ [32m200 [0m16.745 ms - 25216[0m
[0mGET /dist/img/photo1.png [33m404 [0m7.351 ms - 9[0m
[0mGET /dist/img/photo2.png [33m404 [0m3.058 ms - 9[0m
[0mGET /admin/blog/ajax [32m200 [0m38.691 ms - 506[0m
[0mGET /admin/ [32m200 [0m23.306 ms - 25216[0m
[0mGET /admin/ [36m304 [0m7.498 ms - -[0m
[0mGET /admin/ [36m304 [0m5.095 ms - -[0m
[0mGET /admin/ [36m304 [0m4.644 ms - -[0m
[0mGET /admin/ [36m304 [0m6.259 ms - -[0m
[0mGET /dist/img/photo1.png [33m404 [0m2.855 ms - 9[0m
[0mGET /dist/img/photo2.png [33m404 [0m2.057 ms - 9[0m
[0mGET /admin/blog/ajax [32m200 [0m44.838 ms - 519[0m
[0mGET /admin/blog/ajax [32m200 [0m16.428 ms - 519[0m
[0mGET /admin/blog/ajax [32m200 [0m48.613 ms - 691[0m
[0mGET /admin/blog/ajax [32m200 [0m44.129 ms - 691[0m
[0mGET /admin/ [32m200 [0m15.385 ms - 25216[0m
[0mGET /admin/ [36m304 [0m10.070 ms - -[0m
[0mGET /admin/ [36m304 [0m4.953 ms - -[0m
[0mGET /dist/img/photo1.png [33m404 [0m3.594 ms - 9[0m
[0mGET /dist/img/photo2.png [33m404 [0m1.761 ms - 9[0m
[0mGET /admin/ [36m304 [0m6.307 ms - -[0m
[0mGET /admin/ [32m200 [0m6.250 ms - 25216[0m
[0mGET /admin/ [36m304 [0m4.992 ms - -[0m
[0mGET /admin/ [36m304 [0m4.626 ms - -[0m
[0mGET /dist/img/photo1.png [33m404 [0m1.408 ms - 9[0m
[0mGET /dist/img/photo2.png [33m404 [0m2.927 ms - 9[0m
[0mGET /admin/blog/ajax [36m304 [0m36.570 ms - -[0m
[0mGET /admin/blog/ajax [32m200 [0m13.846 ms - 691[0m
[0mGET /admin/blog/ajax [32m200 [0m11.313 ms - 691[0m
[0mGET /admin/ [32m200 [0m15.600 ms - 25208[0m
[0mGET /admin/ [32m200 [0m15.236 ms - 25208[0m
[0mGET /admin/ [32m200 [0m22.082 ms - 25208[0m
[0mGET /admin/ [32m200 [0m26.155 ms - 25208[0m
[0mGET /admin/blog/ajax [32m200 [0m37.441 ms - 691[0m
[0mGET /admin/ [32m200 [0m21.163 ms - 25208[0m
[0mGET /admin/blog/ajax [32m200 [0m42.210 ms - 691[0m
[0mGET /admin/blog/ajax [32m200 [0m24.034 ms - 691[0m
[0mGET /admin/ [32m200 [0m18.613 ms - 25259[0m
[0mGET /blog [36m304 [0m41.884 ms - -[0m
[0mGET /blog [36m304 [0m8.373 ms - -[0m
[0mGET / [32m200 [0m26.109 ms - 1774[0m
[0mGET /user/reg [36m304 [0m33.982 ms - -[0m
[0mGET /admin/ [32m200 [0m15.167 ms - 25259[0m
[0mGET /user/login [36m304 [0m50.200 ms - -[0m
[0mGET /user/reg [36m304 [0m5.859 ms - -[0m
[0mGET /admin/ [32m200 [0m7.990 ms - 25273[0m
[0mGET /admin/blog/ajax [32m200 [0m53.161 ms - 691[0m
[0mGET /admin/user/ajax [31m500 [0m3.371 ms - 29[0m
[0mGET /admin/ [32m200 [0m6.409 ms - 25274[0m
[0mGET /admin/user/ajax [31m500 [0m1.967 ms - 29[0m
[0mGET /admin/user/ajax [31m500 [0m2.012 ms - 29[0m
[0mGET /admin/user/ajax [31m500 [0m1.569 ms - 29[0m
[0mGET /admin/ [32m200 [0m20.005 ms - 25274[0m
[0mGET /admin/user/ajax [32m200 [0m50.289 ms - 148[0m
[0mGET /admin/ [32m200 [0m20.880 ms - 25274[0m
[0mGET /admin/user/ajax [32m200 [0m35.294 ms - 148[0m
[0mPOST /user/reg [32m200 [0m47.137 ms - 33[0m
[0mGET /user/login [36m304 [0m10.316 ms - -[0m
[0mGET /admin/user/ajax [32m200 [0m13.768 ms - 246[0m
[0mGET /admin/ [32m200 [0m16.637 ms - 25274[0m
[0mGET /admin/blog/ajax [32m200 [0m37.089 ms - 686[0m
[0mGET /admin/user/ajax [32m200 [0m16.950 ms - 246[0m
[0mGET /admin/blog/ajax [32m200 [0m10.998 ms - 686[0m
[0mGET /admin/user/ajax [32m200 [0m9.924 ms - 246[0m
[0mGET /admin/ [32m200 [0m15.908 ms - 25274[0m
[0mGET /admin/ [32m200 [0m15.820 ms - 25274[0m
[0mGET /admin/blog/ajax [32m200 [0m42.461 ms - 749[0m
[0mGET /admin/ [32m200 [0m15.604 ms - 25274[0m
[0mGET /admin/blog/ajax [32m200 [0m46.669 ms - 749[0m
[0mGET /admin/ [32m200 [0m15.767 ms - 25274[0m
[0mGET /admin/ [32m200 [0m15.581 ms - 25274[0m
[0mGET /admin/ [32m200 [0m15.020 ms - 25274[0m
[0mGET /admin/blog/ajax [32m200 [0m36.088 ms - 749[0m
[0mGET /admin/ [32m200 [0m18.572 ms - 25274[0m
[0mGET /admin/blog/ajax [32m200 [0m38.063 ms - 749[0m
[0mGET /admin/ [32m200 [0m16.011 ms - 25274[0m
[0mGET /admin/blog/ajax [32m200 [0m42.246 ms - 749[0m
[0mGET /admin/ [32m200 [0m17.047 ms - 25274[0m
[0mGET /admin/blog/ajax [32m200 [0m37.586 ms - 749[0m
[0mGET /admin/ [32m200 [0m20.069 ms - 25274[0m
[0mGET /admin/blog/ajax [32m200 [0m44.686 ms - 749[0m
[0mGET /admin/ [32m200 [0m17.900 ms - 25274[0m
[0mGET /admin/blog/ajax [32m200 [0m43.452 ms - 749[0m
[0mGET /admin/user/ajax [32m200 [0m15.008 ms - 246[0m
[0mGET /admin/blog/ajax [32m200 [0m11.969 ms - 749[0m
[0mGET /admin/ [32m200 [0m8.188 ms - 25260[0m
[0mGET /admin/ [32m200 [0m6.286 ms - 25192[0m
[0mGET /admin/lib/font-awesome/css/font-awesome.min.css [33m404 [0m4.456 ms - 9[0m
[0mGET /admin/ [32m200 [0m6.252 ms - 25192[0m
[0mGET /admin/lib/font-awesome/fonts/fontawesome-webfont.woff2?v=4.5.0 [33m404 [0m2.365 ms - 9[0m
[0mGET /admin/lib/font-awesome/fonts/fontawesome-webfont.woff?v=4.5.0 [33m404 [0m2.109 ms - 9[0m
[0mGET /admin/lib/font-awesome/fonts/fontawesome-webfont.ttf?v=4.5.0 [33m404 [0m2.267 ms - 9[0m
[0mGET /admin/ [32m200 [0m10.521 ms - 25260[0m
[0mGET /admin/ [32m200 [0m4.695 ms - 25192[0m
[0mGET /admin/blog/ajax [32m200 [0m11.231 ms - 749[0m
[0mGET /admin/blog/ajax [32m200 [0m12.315 ms - 749[0m
[0mGET /admin/user/ajax [32m200 [0m11.989 ms - 246[0m
[0mGET /admin/blog/ajax [32m200 [0m12.091 ms - 749[0m
[0mGET /admin/ [32m200 [0m14.875 ms - 25192[0m
[0mGET /admin/blog/ajax [32m200 [0m39.521 ms - 767[0m
[0mGET /admin/ [32m200 [0m15.097 ms - 25192[0m
[0mGET /admin/blog/ajax [32m200 [0m42.343 ms - 767[0m
[0mGET /admin/blog/ajax [32m200 [0m12.188 ms - 767[0m
[0mGET /admin/ [32m200 [0m16.043 ms - 25192[0m
[0mGET /admin/blog/ajax [32m200 [0m39.215 ms - 767[0m
[0mGET /admin/user/ajax [32m200 [0m17.592 ms - 246[0m
[0mGET /admin/ [32m200 [0m16.032 ms - 25192[0m
[0mGET /admin/blog [32m200 [0m93.278 ms - 30968[0m
[0mGET /admin/blog [32m200 [0m21.258 ms - 30968[0m
[0mGET /admin/user [31m500 [0m17.948 ms - 91[0m
[0mGET /admin/user [31m500 [0m14.916 ms - 91[0m
[0mGET /admin/blog [32m200 [0m25.351 ms - 30968[0m
[0mGET /admin/blog [32m200 [0m15.532 ms - 30968[0m
[0mGET /admin/blog [32m200 [0m16.418 ms - 30968[0m
[0mGET /admin/blog [32m200 [0m14.687 ms - 30968[0m
[0mGET /admin/ [32m200 [0m16.941 ms - 25192[0m
[0mGET /admin/blog/ajax [33m404 [0m3.990 ms - 9[0m
[0mGET /admin/ [32m200 [0m9.088 ms - 25192[0m
[0mGET /admin/blog/ajax/list [32m200 [0m41.471 ms - 767[0m
[0mGET /admin/ [32m200 [0m4.071 ms - 25192[0m
[0mGET /admin/blog/ajax/list [32m200 [0m14.315 ms - 767[0m
[0mGET /admin/ [32m200 [0m4.608 ms - 25192[0m
[0mGET /admin/blog/ajax/list [32m200 [0m12.062 ms - 767[0m
[0mGET /admin/blog/ajax/show/57d17ef2a128aef777f9df7a [31m500 [0m142.491 ms - 90[0m
[0mGET /admin/ [32m200 [0m5.119 ms - 25192[0m
[0mGET /admin/blog/ajax/list [32m200 [0m14.004 ms - 767[0m
[0mGET /admin/blog/ajax/show/57d18066a128aef777f9df7c [31m500 [0m15.328 ms - 90[0m
[0mGET /admin/ [32m200 [0m5.172 ms - 25192[0m
[0mGET /admin/blog/ajax/list [32m200 [0m15.000 ms - 767[0m
[0mGET /admin/blog/ajax/show/57d18063a128aef777f9df7b [31m500 [0m12.851 ms - 90[0m
[0mGET /admin/blog/ajax/show/57d18066a128aef777f9df7c [31m500 [0m15.153 ms - 90[0m
[0mGET /admin/ [32m200 [0m3.492 ms - 25192[0m
[0mGET /admin/blog/ajax/list [32m200 [0m11.376 ms - 767[0m
[0mGET /admin/blog/ajax/show/57d18066a128aef777f9df7c [31m500 [0m14.475 ms - 90[0m
[0mGET /admin/ [32m200 [0m4.918 ms - 25192[0m
[0mGET /admin/blog/ajax/list [32m200 [0m13.053 ms - 767[0m
[0mGET /admin/blog/ajax/show/57d18063a128aef777f9df7b [31m500 [0m24.588 ms - 90[0m
[0mGET /admin/blog/ajax/show/57d18063a128aef777f9df7b [31m500 [0m15.056 ms - 90[0m
[0mGET /admin/blog/ajax/show/57d18066a128aef777f9df7c [31m500 [0m14.316 ms - 90[0m
[0mGET /admin/ [32m200 [0m6.742 ms - 25192[0m
[0mGET /admin/blog/ajax/list [32m200 [0m12.425 ms - 767[0m
[0mGET /admin/blog/ajax/show/57d18063a128aef777f9df7b [31m500 [0m13.295 ms - 90[0m
[0mGET /admin/ [32m200 [0m4.931 ms - 25192[0m
[0mGET /admin/blog/ajax/list [32m200 [0m11.888 ms - 767[0m
[0mGET /admin/blog/ajax/show/tes3332 [31m500 [0m7.318 ms - 90[0m
[0mGET /admin/blog/ajax/show/tes3332 [31m500 [0m4.865 ms - 90[0m
[0mGET /admin/ [32m200 [0m5.820 ms - 25192[0m
[0mGET /admin/blog/ajax/list [32m200 [0m11.836 ms - 767[0m
[0mGET /admin/ [32m200 [0m6.423 ms - 25192[0m
[0mGET /admin/blog/ajax/list [32m200 [0m11.117 ms - 767[0m
[0mGET /admin/blog/ajax/show/57d18063a128aef777f9df7b [31m500 [0m13.805 ms - 90[0m
[0mGET /admin/ [32m200 [0m4.450 ms - 25192[0m
[0mGET /admin/blog/ajax/list [32m200 [0m11.184 ms - 767[0m
[0mGET /admin/blog/ajax/show/57d18066a128aef777f9df7c [31m500 [0m16.913 ms - 90[0m
[0mGET /admin/ [32m200 [0m7.632 ms - 25192[0m
[0mGET /admin/blog/ajax/list [32m200 [0m11.448 ms - 767[0m
[0mGET /admin/blog/ajax/show/57d18063a128aef777f9df7b [32m200 [0m15.353 ms - 8476[0m
[0mGET /admin/blog/ajax/list [32m200 [0m10.321 ms - 767[0m
[0mGET /admin/ [32m200 [0m4.591 ms - 25192[0m
[0mGET /admin/blog/ajax/list [32m200 [0m13.533 ms - 767[0m
[0mGET /admin/blog/ajax/show/57d18063a128aef777f9df7b [32m200 [0m13.619 ms - 8476[0m
[0mGET /admin/ [32m200 [0m6.294 ms - 25192[0m
[0mGET /admin/blog/ajax/list [32m200 [0m11.718 ms - 767[0m
[0mGET /admin/blog/ajax/show/57d18063a128aef777f9df7b [32m200 [0m13.856 ms - 8476[0m
[0mGET /admin/ [32m200 [0m18.457 ms - 15899[0m
[0mGET /admin/blog/ajax/list [32m200 [0m12.024 ms - 767[0m
[0mGET /admin/blog/ajax/show/57d17ef2a128aef777f9df7a [32m200 [0m15.409 ms - 8476[0m
[0mGET /dist/img/photo1.png [33m404 [0m2.117 ms - 9[0m
[0mGET /dist/img/photo2.png [33m404 [0m1.968 ms - 9[0m
[0mGET /admin/blog/ajax/show/57d18063a128aef777f9df7b [32m200 [0m19.546 ms - 8476[0m
[0mGET /dist/img/photo1.png [33m404 [0m1.135 ms - 9[0m
[0mGET /dist/img/photo2.png [33m404 [0m1.379 ms - 9[0m
[0mGET /admin/ [32m200 [0m5.700 ms - 15899[0m
[0mGET /admin/blog/ajax/list [32m200 [0m11.395 ms - 767[0m
[0mGET /admin/blog/ajax/show/57d18066a128aef777f9df7c [31m500 [0m13.815 ms - 90[0m
[0mGET /admin/ [32m200 [0m14.630 ms - 15899[0m
[0mGET /admin/blog/ajax/list [32m200 [0m41.225 ms - 767[0m
[0mGET /admin/blog/ajax/show/57d18066a128aef777f9df7c [32m200 [0m78.605 ms - 8476[0m
[0mGET /dist/img/photo1.png [33m404 [0m3.511 ms - 9[0m
[0mGET /dist/img/photo2.png [33m404 [0m2.359 ms - 9[0m
[0mGET /admin/blog/ajax/show/57d18066a128aef777f9df7c [32m200 [0m20.613 ms - 8476[0m
[0mGET /dist/img/photo1.png [33m404 [0m3.312 ms - 9[0m
[0mGET /dist/img/photo2.png [33m404 [0m1.804 ms - 9[0m
[0mGET /admin/ [32m200 [0m16.237 ms - 15899[0m
[0mGET /admin/blog/ajax/list [32m200 [0m41.032 ms - 767[0m
[0mGET /admin/blog/ajax/show/57d17ef2a128aef777f9df7a [32m200 [0m25.441 ms - 8459[0m
[0mGET /dist/img/photo1.png [33m404 [0m3.031 ms - 9[0m
[0mGET /dist/img/photo2.png [33m404 [0m1.654 ms - 9[0m
[0mGET /admin/ [32m200 [0m4.645 ms - 15899[0m
[0mGET /admin/blog/ajax/list [32m200 [0m11.258 ms - 767[0m
[0mGET /admin/blog/ajax/show/57d17ef2a128aef777f9df7a [32m200 [0m14.668 ms - 8477[0m
[0mGET /dist/img/photo1.png [33m404 [0m2.022 ms - 9[0m
[0mGET /dist/img/photo2.png [33m404 [0m3.345 ms - 9[0m
[0mGET /admin/ [32m200 [0m4.696 ms - 15899[0m
[0mGET /admin/blog/ajax/list [32m200 [0m10.275 ms - 767[0m
[0mGET /admin/blog/ajax/show/57d18066a128aef777f9df7c [32m200 [0m13.839 ms - 5870[0m
[0mGET /admin/blog/ajax/show/57d18063a128aef777f9df7b [32m200 [0m12.866 ms - 4562[0m
[0mGET /admin/blog/ajax/show/57d18063a128aef777f9df7b [32m200 [0m12.671 ms - 4562[0m
[0mGET /admin/ [32m200 [0m14.860 ms - 15899[0m
[0mGET /admin/blog/ajax/list [32m200 [0m40.393 ms - 767[0m
[0mGET /admin/blog/ajax/show/57d17ef2a128aef777f9df7a [32m200 [0m23.862 ms - 4562[0m
[0mGET /admin/ [32m200 [0m14.231 ms - 15899[0m
[0mGET /admin/blog/ajax/list [32m200 [0m35.191 ms - 767[0m
[0mGET /admin/blog/ajax/show/57d17ef2a128aef777f9df7a [32m200 [0m25.603 ms - 4562[0m
[0mGET /admin/ [32m200 [0m17.210 ms - 15899[0m
[0mGET /admin/ [32m200 [0m14.533 ms - 15899[0m
[0mGET /admin/blog/ajax/list [32m200 [0m42.245 ms - 767[0m
[0mGET /admin/blog/ajax/show/57d17ef2a128aef777f9df7a [32m200 [0m28.133 ms - 4562[0m
[0mGET /admin/ [32m200 [0m16.934 ms - 15899[0m
[0mGET /admin/blog/ajax/list [32m200 [0m37.220 ms - 767[0m
[0mGET /admin/blog/ajax/show/57d18063a128aef777f9df7b [32m200 [0m57.881 ms - 4802[0m
[0mGET /admin/blog/ajax/show/57d17ef2a128aef777f9df7a [32m200 [0m26.091 ms - 4802[0m
[0mGET /admin/ [32m200 [0m6.565 ms - 15899[0m
[0mGET /admin/blog/ajax/list [32m200 [0m11.534 ms - 767[0m
[0mGET /admin/blog/ajax/show/57d17ef2a128aef777f9df7a [32m200 [0m14.069 ms - 1587[0m
[0mGET /admin/ [32m200 [0m15.013 ms - 15899[0m
[0mGET /admin/ [32m200 [0m14.617 ms - 15899[0m
[0mGET /admin/blog/ajax/list [32m200 [0m40.800 ms - 767[0m
[0mGET /admin/blog/ajax/show/57d18063a128aef777f9df7b [32m200 [0m26.893 ms - 1587[0m
[0mGET /admin/blog/ajax/show/57d17ef2a128aef777f9df7a [32m200 [0m13.737 ms - 1587[0m
[0mGET /admin/blog/ajax/edit [32m200 [0m3.524 ms - 3664[0m
[0mGET /admin/ [32m200 [0m15.153 ms - 16017[0m
[0mGET /plugins/bootstrap-wysihtml5/bootstrap3-wysihtml5.all.min.js [33m404 [0m6.110 ms - 9[0m
[0mGET /plugins/bootstrap-wysihtml5/bootstrap3-wysihtml5.all.min.js [33m404 [0m2.742 ms - 9[0m
[0mGET /admin/blog/ajax/list [32m200 [0m39.243 ms - 767[0m
[0mGET /admin/blog/ajax/show/57d17ef2a128aef777f9df7a [32m200 [0m22.283 ms - 1587[0m
[0mGET /admin/blog/ajax/edit [32m200 [0m4.047 ms - 3664[0m
[0mGET /admin/blog/ajax/edit [32m200 [0m2.796 ms - 3664[0m
[0mGET /admin/blog/ajax/edit [32m200 [0m1.730 ms - 3664[0m
[0mGET /admin/ [32m200 [0m6.062 ms - 16022[0m
[0mGET /admin/blog/ajax/list [32m200 [0m19.610 ms - 767[0m
[0mGET /admin/blog/ajax/edit [32m200 [0m3.300 ms - 3664[0m
[0mGET /admin/ [32m200 [0m17.055 ms - 16022[0m
[0mGET /admin/blog/ajax/list [32m200 [0m44.004 ms - 767[0m
[0mGET /admin/blog/ajax/edit [32m200 [0m5.005 ms - 3664[0m
[0mGET /admin/ [32m200 [0m5.418 ms - 16173[0m
[0mGET /admin/blog/ajax/list [32m200 [0m14.611 ms - 767[0m
[0mGET /admin/blog/ajax/edit [32m200 [0m3.895 ms - 3664[0m
[0mGET /admin/ [32m200 [0m4.805 ms - 16173[0m
[0mGET /admin/blog/ajax/list [32m200 [0m13.525 ms - 767[0m
[0mGET /admin/blog/ajax/edit [32m200 [0m2.908 ms - 1621[0m
[0mGET /admin/blog/ajax/edit [32m200 [0m2.751 ms - 1621[0m
[0mGET /admin/ [32m200 [0m2.916 ms - 16173[0m
[0mGET /admin/blog/ajax/list [32m200 [0m13.383 ms - 767[0m
[0mGET /admin/blog/ajax/edit [32m200 [0m2.164 ms - 1629[0m
[0mGET /admin/ [32m200 [0m2.622 ms - 16173[0m
[0mGET /admin/blog/ajax/list [32m200 [0m14.701 ms - 767[0m
[0mGET /admin/blog/ajax/edit [32m200 [0m2.449 ms - 1629[0m
[0mGET /admin/ [32m200 [0m4.595 ms - 16173[0m
[0mGET /admin/blog/ajax/list [32m200 [0m15.420 ms - 767[0m
[0mGET /admin/blog/ajax/edit [32m200 [0m2.520 ms - 1722[0m
[0mGET /admin/ [32m200 [0m4.167 ms - 16173[0m
[0mGET /admin/blog/ajax/list [32m200 [0m13.655 ms - 767[0m
[0mGET /admin/blog/ajax/edit [32m200 [0m2.711 ms - 1613[0m
[0mGET /admin/ [32m200 [0m5.247 ms - 16173[0m
[0mGET /admin/blog/ajax/list [32m200 [0m11.306 ms - 767[0m
[0mGET /admin/blog/ajax/edit [32m200 [0m2.561 ms - 1515[0m
[0mGET /admin/blog/ajax/show/57d17ef2a128aef777f9df7a [32m200 [0m26.650 ms - 1587[0m
[0mGET /admin/ [32m200 [0m4.518 ms - 16173[0m
[0mGET /admin/blog/ajax/list [32m200 [0m11.296 ms - 767[0m
[0mGET /admin/blog/ajax/show/57d18066a128aef777f9df7c [32m200 [0m17.980 ms - 1496[0m
[0mGET /admin/ [32m200 [0m4.845 ms - 16173[0m
[0mGET /admin/blog/ajax/list [32m200 [0m15.234 ms - 767[0m
[0mGET /admin/blog/ajax/show/57d17ef2a128aef777f9df7a [32m200 [0m15.026 ms - 1485[0m
[0mGET /admin/blog/ajax/edit [32m200 [0m3.260 ms - 1515[0m
[0mGET /admin/ [32m200 [0m15.060 ms - 16173[0m
[0mGET /admin/blog/ajax/list [32m200 [0m43.180 ms - 767[0m
[0mGET /admin/blog/ajax/show/57d17ef2a128aef777f9df7a [32m200 [0m25.349 ms - 1485[0m
[0mGET /admin/blog/ajax/edit [32m200 [0m3.316 ms - 1515[0m
[0mGET /admin/user/ajax/list [32m200 [0m12.216 ms - 203[0m
[0mGET /admin/user/ajax/list [32m200 [0m16.345 ms - 203[0m
[0mGET /admin/user/ajax/list [32m200 [0m10.880 ms - 203[0m
[0mGET /admin/user/ajax/list [32m200 [0m15.402 ms - 203[0m
[0mGET /admin/user/ajax/list [32m200 [0m10.121 ms - 203[0m
[0mGET /admin/user/ajax/list [32m200 [0m9.189 ms - 203[0m
[0mGET /admin/user/ajax/list [32m200 [0m11.789 ms - 203[0m
[0mGET /admin/ [32m200 [0m4.822 ms - 16173[0m
[0mGET /admin/user/ajax/list [32m200 [0m8.973 ms - 203[0m
[0mGET /admin/ [32m200 [0m16.570 ms - 16173[0m
[0mGET /admin/user/ajax/list [32m200 [0m39.227 ms - 203[0m
[0mGET /admin/ [32m200 [0m31.849 ms - 16173[0m
[0mGET /admin/user/ajax/list [32m200 [0m38.909 ms - 246[0m
[0mGET /admin/user/ajax/show/57d42dd389103a0f144c6510 [33m404 [0m4.430 ms - 9[0m
[0mGET /admin/user/ajax/show/57cee21936a5475668cd9fa1 [33m404 [0m3.767 ms - 9[0m
[0mGET /admin/blog/ajax/list [32m200 [0m15.019 ms - 767[0m
[0mGET /admin/ [32m200 [0m16.790 ms - 16173[0m
[0mGET /admin/blog/ajax/list [32m200 [0m41.953 ms - 767[0m
[0mGET /admin/blog/ajax/show/57d17ef2a128aef777f9df7a [32m200 [0m22.170 ms - 1485[0m
[0mGET /admin/blog/ajax/show/57d17ef2a128aef777f9df7a [32m200 [0m13.818 ms - 1485[0m
[0mGET /admin/blog/ajax/edit [32m200 [0m3.052 ms - 1515[0m
[0mGET /admin/ [32m200 [0m5.941 ms - 16173[0m
