[Mon Sep 12 2016 12:11:24 GMT+0800 (中国标准时间)]/admin/profile/ajax/resetPwd
Error: Can't set headers after they are sent.
    at ServerResponse.OutgoingMessage.setHeader (_http_outgoing.js:344:11)
    at ServerResponse.header (E:\Jungle\github\myBlog\node_modules\express\lib\response.js:718:10)
    at ServerResponse.send (E:\Jungle\github\myBlog\node_modules\express\lib\response.js:163:12)
    at done (E:\Jungle\github\myBlog\node_modules\express\lib\response.js:957:10)
    at View.exports.renderFile [as engine] (E:\Jungle\github\myBlog\node_modules\ejs\lib\ejs.js:383:10)
    at View.render (E:\Jungle\github\myBlog\node_modules\express\lib\view.js:126:8)
    at tryRender (E:\Jungle\github\myBlog\node_modules\express\lib\application.js:639:10)
    at EventEmitter.render (E:\Jungle\github\myBlog\node_modules\express\lib\application.js:591:3)
    at ServerResponse.render (E:\Jungle\github\myBlog\node_modules\express\lib\response.js:961:7)
    at E:\Jungle\github\myBlog\app.js:79:13
    at Layer.handle_error (E:\Jungle\github\myBlog\node_modules\express\lib\router\layer.js:71:5)
    at trim_prefix (E:\Jungle\github\myBlog\node_modules\express\lib\router\index.js:310:13)
    at E:\Jungle\github\myBlog\node_modules\express\lib\router\index.js:280:7
    at Function.process_params (E:\Jungle\github\myBlog\node_modules\express\lib\router\index.js:330:12)
    at next (E:\Jungle\github\myBlog\node_modules\express\lib\router\index.js:271:10)
    at Layer.handle_error (E:\Jungle\github\myBlog\node_modules\express\lib\router\layer.js:67:12)
[Mon Sep 12 2016 12:12:01 GMT+0800 (中国标准时间)]/admin/profile/ajax/resetPwd
Error: Can't set headers after they are sent.
    at ServerResponse.OutgoingMessage.setHeader (_http_outgoing.js:344:11)
    at ServerResponse.header (E:\Jungle\github\myBlog\node_modules\express\lib\response.js:718:10)
    at ServerResponse.send (E:\Jungle\github\myBlog\node_modules\express\lib\response.js:163:12)
    at done (E:\Jungle\github\myBlog\node_modules\express\lib\response.js:957:10)
    at View.exports.renderFile [as engine] (E:\Jungle\github\myBlog\node_modules\ejs\lib\ejs.js:383:10)
    at View.render (E:\Jungle\github\myBlog\node_modules\express\lib\view.js:126:8)
    at tryRender (E:\Jungle\github\myBlog\node_modules\express\lib\application.js:639:10)
    at EventEmitter.render (E:\Jungle\github\myBlog\node_modules\express\lib\application.js:591:3)
    at ServerResponse.render (E:\Jungle\github\myBlog\node_modules\express\lib\response.js:961:7)
    at E:\Jungle\github\myBlog\app.js:79:13
    at Layer.handle_error (E:\Jungle\github\myBlog\node_modules\express\lib\router\layer.js:71:5)
    at trim_prefix (E:\Jungle\github\myBlog\node_modules\express\lib\router\index.js:310:13)
    at E:\Jungle\github\myBlog\node_modules\express\lib\router\index.js:280:7
    at Function.process_params (E:\Jungle\github\myBlog\node_modules\express\lib\router\index.js:330:12)
    at next (E:\Jungle\github\myBlog\node_modules\express\lib\router\index.js:271:10)
    at Layer.handle_error (E:\Jungle\github\myBlog\node_modules\express\lib\router\layer.js:67:12)
[Mon Sep 12 2016 12:12:28 GMT+0800 (中国标准时间)]/admin/profile/ajax/resetPwd
Error: Can't set headers after they are sent.
    at ServerResponse.OutgoingMessage.setHeader (_http_outgoing.js:344:11)
    at ServerResponse.header (E:\Jungle\github\myBlog\node_modules\express\lib\response.js:718:10)
    at ServerResponse.send (E:\Jungle\github\myBlog\node_modules\express\lib\response.js:163:12)
    at done (E:\Jungle\github\myBlog\node_modules\express\lib\response.js:957:10)
    at View.exports.renderFile [as engine] (E:\Jungle\github\myBlog\node_modules\ejs\lib\ejs.js:383:10)
    at View.render (E:\Jungle\github\myBlog\node_modules\express\lib\view.js:126:8)
    at tryRender (E:\Jungle\github\myBlog\node_modules\express\lib\application.js:639:10)
    at EventEmitter.render (E:\Jungle\github\myBlog\node_modules\express\lib\application.js:591:3)
    at ServerResponse.render (E:\Jungle\github\myBlog\node_modules\express\lib\response.js:961:7)
    at E:\Jungle\github\myBlog\app.js:79:13
    at Layer.handle_error (E:\Jungle\github\myBlog\node_modules\express\lib\router\layer.js:71:5)
    at trim_prefix (E:\Jungle\github\myBlog\node_modules\express\lib\router\index.js:310:13)
    at E:\Jungle\github\myBlog\node_modules\express\lib\router\index.js:280:7
    at Function.process_params (E:\Jungle\github\myBlog\node_modules\express\lib\router\index.js:330:12)
    at next (E:\Jungle\github\myBlog\node_modules\express\lib\router\index.js:271:10)
    at Layer.handle_error (E:\Jungle\github\myBlog\node_modules\express\lib\router\layer.js:67:12)
[Mon Sep 12 2016 14:06:36 GMT+0800 (中国标准时间)]/admin/profile/ajax/resetPwd
Error: Can't set headers after they are sent.
    at ServerResponse.OutgoingMessage.setHeader (_http_outgoing.js:344:11)
    at ServerResponse.header (E:\Jungle\github\myBlog\node_modules\express\lib\response.js:718:10)
    at ServerResponse.contentType (E:\Jungle\github\myBlog\node_modules\express\lib\response.js:551:15)
    at ServerResponse.send (E:\Jungle\github\myBlog\node_modules\express\lib\response.js:138:14)
    at done (E:\Jungle\github\myBlog\node_modules\express\lib\response.js:957:10)
    at View.exports.renderFile [as engine] (E:\Jungle\github\myBlog\node_modules\ejs\lib\ejs.js:383:10)
    at View.render (E:\Jungle\github\myBlog\node_modules\express\lib\view.js:126:8)
    at tryRender (E:\Jungle\github\myBlog\node_modules\express\lib\application.js:639:10)
    at EventEmitter.render (E:\Jungle\github\myBlog\node_modules\express\lib\application.js:591:3)
    at ServerResponse.render (E:\Jungle\github\myBlog\node_modules\express\lib\response.js:961:7)
    at E:\Jungle\github\myBlog\app.js:79:13
    at Layer.handle_error (E:\Jungle\github\myBlog\node_modules\express\lib\router\layer.js:71:5)
    at trim_prefix (E:\Jungle\github\myBlog\node_modules\express\lib\router\index.js:310:13)
    at E:\Jungle\github\myBlog\node_modules\express\lib\router\index.js:280:7
    at Function.process_params (E:\Jungle\github\myBlog\node_modules\express\lib\router\index.js:330:12)
    at next (E:\Jungle\github\myBlog\node_modules\express\lib\router\index.js:271:10)
[Mon Sep 12 2016 14:08:37 GMT+0800 (中国标准时间)]/admin/profile/ajax/resetPwd
Error: Can't set headers after they are sent.
    at ServerResponse.OutgoingMessage.setHeader (_http_outgoing.js:344:11)
    at ServerResponse.header (E:\Jungle\github\myBlog\node_modules\express\lib\response.js:718:10)
    at ServerResponse.contentType (E:\Jungle\github\myBlog\node_modules\express\lib\response.js:551:15)
    at ServerResponse.send (E:\Jungle\github\myBlog\node_modules\express\lib\response.js:138:14)
    at done (E:\Jungle\github\myBlog\node_modules\express\lib\response.js:957:10)
    at View.exports.renderFile [as engine] (E:\Jungle\github\myBlog\node_modules\ejs\lib\ejs.js:383:10)
    at View.render (E:\Jungle\github\myBlog\node_modules\express\lib\view.js:126:8)
    at tryRender (E:\Jungle\github\myBlog\node_modules\express\lib\application.js:639:10)
    at EventEmitter.render (E:\Jungle\github\myBlog\node_modules\express\lib\application.js:591:3)
    at ServerResponse.render (E:\Jungle\github\myBlog\node_modules\express\lib\response.js:961:7)
    at E:\Jungle\github\myBlog\app.js:79:13
    at Layer.handle_error (E:\Jungle\github\myBlog\node_modules\express\lib\router\layer.js:71:5)
    at trim_prefix (E:\Jungle\github\myBlog\node_modules\express\lib\router\index.js:310:13)
    at E:\Jungle\github\myBlog\node_modules\express\lib\router\index.js:280:7
    at Function.process_params (E:\Jungle\github\myBlog\node_modules\express\lib\router\index.js:330:12)
    at next (E:\Jungle\github\myBlog\node_modules\express\lib\router\index.js:271:10)
[Mon Sep 12 2016 14:49:43 GMT+0800 (中国标准时间)]/admin/profile/ajax/resetPwd
Error: Can't set headers after they are sent.
    at ServerResponse.OutgoingMessage.setHeader (_http_outgoing.js:344:11)
    at ServerResponse.header (E:\Jungle\github\myBlog\node_modules\express\lib\response.js:718:10)
    at ServerResponse.send (E:\Jungle\github\myBlog\node_modules\express\lib\response.js:163:12)
    at done (E:\Jungle\github\myBlog\node_modules\express\lib\response.js:957:10)
    at View.exports.renderFile [as engine] (E:\Jungle\github\myBlog\node_modules\ejs\lib\ejs.js:383:10)
    at View.render (E:\Jungle\github\myBlog\node_modules\express\lib\view.js:126:8)
    at tryRender (E:\Jungle\github\myBlog\node_modules\express\lib\application.js:639:10)
    at EventEmitter.render (E:\Jungle\github\myBlog\node_modules\express\lib\application.js:591:3)
    at ServerResponse.render (E:\Jungle\github\myBlog\node_modules\express\lib\response.js:961:7)
    at E:\Jungle\github\myBlog\app.js:79:13
    at Layer.handle_error (E:\Jungle\github\myBlog\node_modules\express\lib\router\layer.js:71:5)
    at trim_prefix (E:\Jungle\github\myBlog\node_modules\express\lib\router\index.js:310:13)
    at E:\Jungle\github\myBlog\node_modules\express\lib\router\index.js:280:7
    at Function.process_params (E:\Jungle\github\myBlog\node_modules\express\lib\router\index.js:330:12)
    at next (E:\Jungle\github\myBlog\node_modules\express\lib\router\index.js:271:10)
    at Layer.handle_error (E:\Jungle\github\myBlog\node_modules\express\lib\router\layer.js:67:12)
[Mon Sep 12 2016 15:40:27 GMT+0800 (中国标准时间)]/admin/profile/ajax/resetPwd
Error: Can't set headers after they are sent.
    at ServerResponse.OutgoingMessage.setHeader (_http_outgoing.js:344:11)
    at ServerResponse.header (E:\Jungle\github\myBlog\node_modules\express\lib\response.js:718:10)
    at ServerResponse.send (E:\Jungle\github\myBlog\node_modules\express\lib\response.js:163:12)
    at done (E:\Jungle\github\myBlog\node_modules\express\lib\response.js:957:10)
    at View.exports.renderFile [as engine] (E:\Jungle\github\myBlog\node_modules\ejs\lib\ejs.js:383:10)
    at View.render (E:\Jungle\github\myBlog\node_modules\express\lib\view.js:126:8)
    at tryRender (E:\Jungle\github\myBlog\node_modules\express\lib\application.js:639:10)
    at EventEmitter.render (E:\Jungle\github\myBlog\node_modules\express\lib\application.js:591:3)
    at ServerResponse.render (E:\Jungle\github\myBlog\node_modules\express\lib\response.js:961:7)
    at E:\Jungle\github\myBlog\app.js:79:13
    at Layer.handle_error (E:\Jungle\github\myBlog\node_modules\express\lib\router\layer.js:71:5)
    at trim_prefix (E:\Jungle\github\myBlog\node_modules\express\lib\router\index.js:310:13)
    at E:\Jungle\github\myBlog\node_modules\express\lib\router\index.js:280:7
    at Function.process_params (E:\Jungle\github\myBlog\node_modules\express\lib\router\index.js:330:12)
    at next (E:\Jungle\github\myBlog\node_modules\express\lib\router\index.js:271:10)
    at Layer.handle_error (E:\Jungle\github\myBlog\node_modules\express\lib\router\layer.js:67:12)
[Mon Sep 12 2016 22:28:59 GMT+0800 (中国标准时间)]/admin/profile/ajax/resetPwd
Error: Can't set headers after they are sent.
    at ServerResponse.OutgoingMessage.setHeader (_http_outgoing.js:344:11)
    at ServerResponse.header (F:\Git\myBlog\node_modules\express\lib\response.js:718:10)
    at ServerResponse.send (F:\Git\myBlog\node_modules\express\lib\response.js:163:12)
    at done (F:\Git\myBlog\node_modules\express\lib\response.js:957:10)
    at View.exports.renderFile [as engine] (F:\Git\myBlog\node_modules\ejs\lib\ejs.js:383:10)
    at View.render (F:\Git\myBlog\node_modules\express\lib\view.js:126:8)
    at tryRender (F:\Git\myBlog\node_modules\express\lib\application.js:639:10)
    at EventEmitter.render (F:\Git\myBlog\node_modules\express\lib\application.js:591:3)
    at ServerResponse.render (F:\Git\myBlog\node_modules\express\lib\response.js:961:7)
    at F:\Git\myBlog\app.js:79:13
    at Layer.handle_error (F:\Git\myBlog\node_modules\express\lib\router\layer.js:71:5)
    at trim_prefix (F:\Git\myBlog\node_modules\express\lib\router\index.js:310:13)
    at F:\Git\myBlog\node_modules\express\lib\router\index.js:280:7
    at Function.process_params (F:\Git\myBlog\node_modules\express\lib\router\index.js:330:12)
    at next (F:\Git\myBlog\node_modules\express\lib\router\index.js:271:10)
    at Layer.handle_error (F:\Git\myBlog\node_modules\express\lib\router\layer.js:67:12)
[Mon Sep 12 2016 22:29:05 GMT+0800 (中国标准时间)]/admin/profile/ajax/resetPwd
Error: Can't set headers after they are sent.
    at ServerResponse.OutgoingMessage.setHeader (_http_outgoing.js:344:11)
    at ServerResponse.header (F:\Git\myBlog\node_modules\express\lib\response.js:718:10)
    at ServerResponse.send (F:\Git\myBlog\node_modules\express\lib\response.js:163:12)
    at done (F:\Git\myBlog\node_modules\express\lib\response.js:957:10)
    at View.exports.renderFile [as engine] (F:\Git\myBlog\node_modules\ejs\lib\ejs.js:383:10)
    at View.render (F:\Git\myBlog\node_modules\express\lib\view.js:126:8)
    at tryRender (F:\Git\myBlog\node_modules\express\lib\application.js:639:10)
    at EventEmitter.render (F:\Git\myBlog\node_modules\express\lib\application.js:591:3)
    at ServerResponse.render (F:\Git\myBlog\node_modules\express\lib\response.js:961:7)
    at F:\Git\myBlog\app.js:79:13
    at Layer.handle_error (F:\Git\myBlog\node_modules\express\lib\router\layer.js:71:5)
    at trim_prefix (F:\Git\myBlog\node_modules\express\lib\router\index.js:310:13)
    at F:\Git\myBlog\node_modules\express\lib\router\index.js:280:7
    at Function.process_params (F:\Git\myBlog\node_modules\express\lib\router\index.js:330:12)
    at next (F:\Git\myBlog\node_modules\express\lib\router\index.js:271:10)
    at Layer.handle_error (F:\Git\myBlog\node_modules\express\lib\router\layer.js:67:12)
